<?xml version="1.0" encoding="UTF-8" ?>
<testsuite errors="1" failures="0" hostname="migly-ThinkPad-X230" name="rescuecore2.connection.ConnectionManagerTest" skipped="0" tests="1" time="0.0" timestamp="2018-10-26T18:48:22">
  <properties>
[...]
</properties>
  <error message="rescuecore2.connection.ConnectionManagerTest" type="java.lang.ClassNotFoundException">java.lang.ClassNotFoundException: rescuecore2.connection.ConnectionManagerTest
	at java.net.URLClassLoader.findClass(URLClassLoader.java:382)
	at java.lang.ClassLoader.loadClass(ClassLoader.java:424)
	at sun.misc.Launcher$AppClassLoader.loadClass(Launcher.java:349)
	at java.lang.ClassLoader.loadClass(ClassLoader.java:357)
	at java.lang.Class.forName0(Native Method)
	at java.lang.Class.forName(Class.java:264)
</error>
  <system-out><![CDATA[]]></system-out>
  <system-err><![CDATA[]]></system-err>
</testsuite>
