<?xml version="1.0" encoding="UTF-8" ?>
<testsuites>
  <testsuite errors="1" failures="0" hostname="migly-ThinkPad-X230" id="0" name="ConfigExceptionTest" package="rescuecore2.config" skipped="0" tests="1" time="0.0" timestamp="2018-10-24T08:55:15">
      <properties>
[...]
</properties>

      <error message="rescuecore2.config.ConfigExceptionTest" type="java.lang.ClassNotFoundException">java.lang.ClassNotFoundException: rescuecore2.config.ConfigExceptionTest
	at java.net.URLClassLoader.findClass(URLClassLoader.java:382)
	at java.lang.ClassLoader.loadClass(ClassLoader.java:424)
	at sun.misc.Launcher$AppClassLoader.loadClass(Launcher.java:349)
	at java.lang.ClassLoader.loadClass(ClassLoader.java:357)
	at java.lang.Class.forName0(Native Method)
	at java.lang.Class.forName(Class.java:264)
</error>

      <system-out><![CDATA[]]></system-out>

      <system-err><![CDATA[]]></system-err>

  </testsuite>
  <testsuite errors="1" failures="0" hostname="migly-ThinkPad-X230" id="1" name="ConfigTest" package="rescuecore2.config" skipped="0" tests="1" time="0.0" timestamp="2018-10-24T08:55:15">
      <properties>
[...]
</properties>

      <error message="rescuecore2.config.ConfigTest" type="java.lang.ClassNotFoundException">java.lang.ClassNotFoundException: rescuecore2.config.ConfigTest
	at java.net.URLClassLoader.findClass(URLClassLoader.java:382)
	at java.lang.ClassLoader.loadClass(ClassLoader.java:424)
	at sun.misc.Launcher$AppClassLoader.loadClass(Launcher.java:349)
	at java.lang.ClassLoader.loadClass(ClassLoader.java:357)
	at java.lang.Class.forName0(Native Method)
	at java.lang.Class.forName(Class.java:264)
</error>

      <system-out><![CDATA[]]></system-out>

      <system-err><![CDATA[]]></system-err>

  </testsuite>
  <testsuite errors="1" failures="0" hostname="migly-ThinkPad-X230" id="2" name="ConnectionManagerTest" package="rescuecore2.connection" skipped="0" tests="1" time="0.0" timestamp="2018-10-24T08:55:15">
      <properties>
[...]
</properties>

      <error message="rescuecore2.connection.ConnectionManagerTest" type="java.lang.ClassNotFoundException">java.lang.ClassNotFoundException: rescuecore2.connection.ConnectionManagerTest
	at java.net.URLClassLoader.findClass(URLClassLoader.java:382)
	at java.lang.ClassLoader.loadClass(ClassLoader.java:424)
	at sun.misc.Launcher$AppClassLoader.loadClass(Launcher.java:349)
	at java.lang.ClassLoader.loadClass(ClassLoader.java:357)
	at java.lang.Class.forName0(Native Method)
	at java.lang.Class.forName(Class.java:264)
</error>

      <system-out><![CDATA[]]></system-out>

      <system-err><![CDATA[]]></system-err>

  </testsuite>
  <testsuite errors="1" failures="0" hostname="migly-ThinkPad-X230" id="3" name="StreamConnectionTest" package="rescuecore2.connection" skipped="0" tests="1" time="0.0" timestamp="2018-10-24T08:55:16">
      <properties>
[...]
</properties>

      <error message="rescuecore2.connection.StreamConnectionTest" type="java.lang.ClassNotFoundException">java.lang.ClassNotFoundException: rescuecore2.connection.StreamConnectionTest
	at java.net.URLClassLoader.findClass(URLClassLoader.java:382)
	at java.lang.ClassLoader.loadClass(ClassLoader.java:424)
	at sun.misc.Launcher$AppClassLoader.loadClass(Launcher.java:349)
	at java.lang.ClassLoader.loadClass(ClassLoader.java:357)
	at java.lang.Class.forName0(Native Method)
	at java.lang.Class.forName(Class.java:264)
</error>

      <system-out><![CDATA[]]></system-out>

      <system-err><![CDATA[]]></system-err>

  </testsuite>
  <testsuite errors="1" failures="0" hostname="migly-ThinkPad-X230" id="4" name="TCPConnectionTest" package="rescuecore2.connection" skipped="0" tests="1" time="0.0" timestamp="2018-10-24T08:55:16">
      <properties>
[...]
</properties>

      <error message="rescuecore2.connection.TCPConnectionTest" type="java.lang.ClassNotFoundException">java.lang.ClassNotFoundException: rescuecore2.connection.TCPConnectionTest
	at java.net.URLClassLoader.findClass(URLClassLoader.java:382)
	at java.lang.ClassLoader.loadClass(ClassLoader.java:424)
	at sun.misc.Launcher$AppClassLoader.loadClass(Launcher.java:349)
	at java.lang.ClassLoader.loadClass(ClassLoader.java:357)
	at java.lang.Class.forName0(Native Method)
	at java.lang.Class.forName(Class.java:264)
</error>

      <system-out><![CDATA[]]></system-out>

      <system-err><![CDATA[]]></system-err>

  </testsuite>
  <testsuite errors="1" failures="0" hostname="migly-ThinkPad-X230" id="5" name="BBTreeTest" package="rescuecore2.misc.geometry.spatialindex" skipped="0" tests="1" time="0.0" timestamp="2018-10-24T08:55:16">
      <properties>
[...]
</properties>

      <error message="rescuecore2.misc.geometry.spatialindex.BBTreeTest" type="java.lang.ClassNotFoundException">java.lang.ClassNotFoundException: rescuecore2.misc.geometry.spatialindex.BBTreeTest
	at java.net.URLClassLoader.findClass(URLClassLoader.java:382)
	at java.lang.ClassLoader.loadClass(ClassLoader.java:424)
	at sun.misc.Launcher$AppClassLoader.loadClass(Launcher.java:349)
	at java.lang.ClassLoader.loadClass(ClassLoader.java:357)
	at java.lang.Class.forName0(Native Method)
	at java.lang.Class.forName(Class.java:264)
</error>

      <system-out><![CDATA[]]></system-out>

      <system-err><![CDATA[]]></system-err>

  </testsuite>
  <testsuite errors="1" failures="0" hostname="migly-ThinkPad-X230" id="6" name="ChannelCommunicationModelTest" package="rescuecore2.standard.kernel.comms" skipped="0" tests="1" time="0.0" timestamp="2018-10-24T08:55:16">
      <properties>
[...]
</properties>

      <error message="rescuecore2.standard.kernel.comms.ChannelCommunicationModelTest" type="java.lang.ClassNotFoundException">java.lang.ClassNotFoundException: rescuecore2.standard.kernel.comms.ChannelCommunicationModelTest
	at java.net.URLClassLoader.findClass(URLClassLoader.java:382)
	at java.lang.ClassLoader.loadClass(ClassLoader.java:424)
	at sun.misc.Launcher$AppClassLoader.loadClass(Launcher.java:349)
	at java.lang.ClassLoader.loadClass(ClassLoader.java:357)
	at java.lang.Class.forName0(Native Method)
	at java.lang.Class.forName(Class.java:264)
</error>

      <system-out><![CDATA[]]></system-out>

      <system-err><![CDATA[]]></system-err>

  </testsuite>
</testsuites>
